{
  "RSpec": {
    "coverage": {
      "/Users/kevincasey/Documents/rails_projects/mockup/app/helpers/application_helper.rb": [
        1,
        null
      ],
      "/Users/kevincasey/Documents/rails_projects/mockup/app/helpers/photos_helper.rb": [
        1,
        null,
        null
      ],
      "/Users/kevincasey/Documents/rails_projects/mockup/app/controllers/photos_controller.rb": [
        1,
        1,
        null,
        1,
        5,
        5,
        5,
        null,
        5,
        0,
        null,
        5,
        0,
        null,
        5,
        0,
        0,
        null,
        5,
        5,
        null,
        null,
        null,
        1,
        5,
        5,
        5,
        5,
        null,
        null,
        1,
        10,
        10,
        10,
        10,
        10,
        16,
        2,
        2,
        2,
        null,
        16,
        16,
        null,
        null,
        null,
        1,
        null,
        null,
        1,
        1,
        null,
        null,
        1,
        null,
        null,
        1,
        3,
        3,
        null,
        3,
        3,
        null,
        0,
        0,
        null,
        null,
        null,
        null,
        null,
        1,
        null,
        null,
        null,
        null,
        null,
        3,
        3,
        3,
        null,
        0,
        null,
        null,
        null,
        null,
        null,
        1,
        1,
        1,
        2,
        1,
        null,
        null,
        null,
        null,
        1,
        null,
        null,
        null,
        1,
        4,
        2,
        2,
        2,
        2,
        null,
        null,
        0,
        0,
        null,
        null,
        2,
        2,
        null,
        2,
        2,
        null,
        null,
        null,
        1,
        null,
        1,
        4,
        null,
        null,
        null,
        1,
        6,
        null,
        null
      ],
      "/Users/kevincasey/Documents/rails_projects/mockup/app/controllers/application_controller.rb": [
        1,
        null,
        null,
        1,
        null
      ],
      "/Users/kevincasey/Documents/rails_projects/mockup/app/models/photo.rb": [
        1,
        null,
        1,
        1,
        1,
        1,
        0,
        null,
        null,
        1,
        5,
        null,
        null,
        null
      ],
      "/Users/kevincasey/Documents/rails_projects/mockup/app/uploaders/image_uploader.rb": [
        null,
        null,
        1,
        1,
        null,
        1,
        1,
        1,
        1,
        null,
        null,
        1,
        0,
        null,
        null,
        1,
        1,
        1,
        null,
        null,
        1,
        1,
        null,
        null,
        1,
        0,
        0,
        0,
        0,
        0,
        0,
        0,
        0,
        null,
        null,
        null,
        null
      ]
    },
    "timestamp": 1383677909
  },
  "Cucumber Features": {
    "coverage": {
      "/Users/kevincasey/Documents/rails_projects/mockup/app/controllers/photos_controller.rb": [
        1,
        1,
        null,
        1,
        16,
        16,
        12,
        null,
        16,
        4,
        null,
        16,
        0,
        null,
        16,
        2,
        2,
        null,
        14,
        14,
        null,
        null,
        null,
        1,
        0,
        0,
        0,
        0,
        null,
        null,
        1,
        14,
        14,
        14,
        14,
        14,
        9,
        1,
        1,
        1,
        null,
        9,
        9,
        null,
        null,
        null,
        1,
        null,
        null,
        1,
        2,
        null,
        null,
        1,
        null,
        null,
        1,
        2,
        2,
        null,
        2,
        2,
        null,
        0,
        0,
        null,
        null,
        null,
        null,
        null,
        1,
        null,
        null,
        null,
        null,
        null,
        3,
        3,
        3,
        null,
        0,
        null,
        null,
        null,
        null,
        null,
        1,
        1,
        1,
        2,
        1,
        null,
        null,
        null,
        null,
        1,
        null,
        null,
        null,
        1,
        6,
        5,
        5,
        5,
        5,
        null,
        null,
        0,
        0,
        null,
        null,
        5,
        5,
        null,
        1,
        1,
        null,
        null,
        null,
        1,
        null,
        1,
        8,
        null,
        null,
        null,
        1,
        5,
        null,
        null
      ],
      "/Users/kevincasey/Documents/rails_projects/mockup/app/controllers/application_controller.rb": [
        1,
        null,
        null,
        1,
        null
      ],
      "/Users/kevincasey/Documents/rails_projects/mockup/app/helpers/application_helper.rb": [
        1,
        null
      ],
      "/Users/kevincasey/Documents/rails_projects/mockup/app/helpers/photos_helper.rb": [
        1,
        null,
        null
      ],
      "/Users/kevincasey/Documents/rails_projects/mockup/app/models/photo.rb": [
        1,
        null,
        1,
        1,
        1,
        1,
        0,
        null,
        null,
        1,
        3,
        null,
        null,
        null
      ],
      "/Users/kevincasey/Documents/rails_projects/mockup/app/uploaders/image_uploader.rb": [
        null,
        null,
        1,
        1,
        null,
        1,
        1,
        1,
        1,
        null,
        null,
        1,
        42,
        null,
        null,
        1,
        1,
        1,
        null,
        null,
        1,
        1,
        null,
        null,
        1,
        6,
        0,
        0,
        0,
        0,
        0,
        0,
        0,
        null,
        null,
        null,
        null
      ]
    },
    "timestamp": 1383677932
  }
}
