{
  "RSpec": {
    "coverage": {
      "/home/saasbook/mockup/app/helpers/application_helper.rb": [
        1,
        null
      ],
      "/home/saasbook/mockup/app/helpers/photos_helper.rb": [
        1,
        null,
        null
      ],
      "/home/saasbook/mockup/app/controllers/photos_controller.rb": [
        1,
        1,
        null,
        null,
        null,
        1,
        5,
        5,
        5,
        5,
        5,
        5,
        8,
        1,
        1,
        1,
        null,
        8,
        8,
        8,
        null,
        null,
        null,
        null,
        null,
        null,
        1,
        null,
        null,
        null,
        1,
        1,
        null,
        null,
        null,
        1,
        null,
        null,
        null,
        null,
        1,
        3,
        3,
        null,
        3,
        3,
        6,
        3,
        null,
        0,
        0,
        null,
        null,
        null,
        null,
        null,
        null,
        1,
        3,
        3,
        3,
        6,
        3,
        null,
        0,
        0,
        null,
        null,
        null,
        null,
        null,
        null,
        1,
        1,
        1,
        2,
        1,
        null,
        null,
        null,
        1,
        0,
        0,
        null,
        null,
        null,
        null,
        null,
        1,
        null,
        null,
        null,
        1,
        4,
        2,
        2,
        2,
        2,
        null,
        null,
        null,
        null,
        null,
        null,
        null,
        null,
        null,
        2,
        2,
        null,
        2,
        2,
        null,
        null,
        null,
        null,
        1,
        5,
        5,
        5,
        5,
        5,
        5,
        8,
        1,
        1,
        1,
        null,
        8,
        8,
        8,
        null,
        null,
        null,
        null,
        1,
        null,
        1,
        4,
        null,
        null,
        null,
        1,
        6,
        null,
        null
      ],
      "/home/saasbook/mockup/app/controllers/application_controller.rb": [
        1,
        null,
        null,
        1,
        null
      ],
      "/home/saasbook/mockup/app/models/photo.rb": [
        1,
        null,
        1,
        1,
        1,
        1,
        null,
        null,
        null
      ]
    },
    "timestamp": 1382920529
  },
  "Cucumber Features": {
    "coverage": {
    },
    "timestamp": 1382839367
  }
}
